*** Starting uWSGI 2.0.9 (64bit) on [Fri Jan  2 20:56:01 2015] ***
compiled with version: 4.8.2 on 02 January 2015 14:21:05
os: Linux-3.13.0-43-generic #72-Ubuntu SMP Mon Dec 8 19:35:06 UTC 2014
nodename: Linux-K43SD
machine: x86_64
clock source: unix
detected number of CPU cores: 4
current working directory: /home/vadim/PycharmProjects/larionov_api
detected binary path: /usr/local/bin/uwsgi
!!! no internal routing support, rebuild with pcre support !!!
chdir() to /home/vadim/PycharmProjects/larionov_api
*** WARNING: you are running uWSGI without its master process manager ***
your processes number limit is 30677
your memory page size is 4096 bytes
detected max file descriptor number: 1024
lock engine: pthread robust mutexes
thunder lock: disabled (you can enable it with --thunder-lock)
uwsgi socket 0 bound to TCP address :8077 fd 3
Python version: 2.7.6 (default, Mar 22 2014, 23:03:41)  [GCC 4.8.2]
*** Python threads support is disabled. You can enable it with --enable-threads ***
Python main interpreter initialized at 0x255bdf0
your server socket listen backlog is limited to 100 connections
your mercy for graceful operations on workers is 60 seconds
mapped 291072 bytes (284 KB) for 4 cores
*** Operational MODE: preforking ***
ImportError: No module named django_wsgi
unable to load app 0 (mountpoint='') (callable not found or import error)
*** no app loaded. going in full dynamic mode ***
*** uWSGI is running in multiple interpreter mode ***
spawned uWSGI worker 1 (pid: 16850, cores: 1)
spawned uWSGI worker 2 (pid: 16851, cores: 1)
spawned uWSGI worker 3 (pid: 16852, cores: 1)
spawned uWSGI worker 4 (pid: 16853, cores: 1)
invalid request block size: 21573 (max 4096)...skip
invalid request block size: 21573 (max 4096)...skip
invalid request block size: 21573 (max 4096)...skip
invalid request block size: 21573 (max 4096)...skip
invalid request block size: 21573 (max 4096)...skip
invalid request block size: 21573 (max 4096)...skip
invalid request block size: 21573 (max 4096)...skip
invalid request block size: 21573 (max 4096)...skip
invalid request block size: 21573 (max 4096)...skip
